  [1m[35m (574.2ms)[0m  [1m[35mCREATE DATABASE "phasing_development" ENCODING = 'unicode'[0m
  [1m[35m (204.3ms)[0m  [1m[35mCREATE DATABASE "phasing_test" ENCODING = 'unicode'[0m
Started GET "/" for ::1 at 2023-02-15 15:01:28 -0500
Processing by Rails::WelcomeController#index as HTML
  Rendering /home/smuushi/.rbenv/versions/3.1.1/lib/ruby/gems/3.1.0/gems/railties-7.0.4.2/lib/rails/templates/rails/welcome/index.html.erb
  Rendered /home/smuushi/.rbenv/versions/3.1.1/lib/ruby/gems/3.1.0/gems/railties-7.0.4.2/lib/rails/templates/rails/welcome/index.html.erb (Duration: 14.2ms | Allocations: 527)
Completed 200 OK in 110ms (Views: 52.1ms | ActiveRecord: 0.0ms | Allocations: 2795)


  [1m[35m (121.7ms)[0m  [1m[35mCREATE DATABASE "phasing_development" ENCODING = 'unicode'[0m
  [1m[35m (52.6ms)[0m  [1m[35mCREATE DATABASE "phasing_test" ENCODING = 'unicode'[0m
Started GET "/" for ::1 at 2023-02-15 15:29:43 -0500
Processing by Rails::WelcomeController#index as */*
  Rendering /home/suzu/.rbenv/versions/3.1.1/lib/ruby/gems/3.1.0/gems/railties-7.0.4.2/lib/rails/templates/rails/welcome/index.html.erb
  Rendered /home/suzu/.rbenv/versions/3.1.1/lib/ruby/gems/3.1.0/gems/railties-7.0.4.2/lib/rails/templates/rails/welcome/index.html.erb (Duration: 13.8ms | Allocations: 527)
Completed 200 OK in 88ms (Views: 49.1ms | ActiveRecord: 0.0ms | Allocations: 2835)


Started GET "/users" for ::1 at 2023-02-15 15:30:23 -0500

Zeitwerk::NameError - expected file /mnt/c/0_AA/W6d3/W6D3/phasing/app/controllers/users_controller.rb to define constant UsersController, but didn't
      raise Zeitwerk::NameError.new(msg, cref.last)
      ^^^^^:

Started GET "/users/" for ::1 at 2023-02-15 15:30:43 -0500

ActionController::RoutingError - uninitialized constant UsersController
      Object.const_get(camel_cased_word)
            ^^^^^^^^^^
            raise MissingController.new(error.message, error.name)
            ^^^^^:

Started GET "/users" for ::1 at 2023-02-15 15:31:13 -0500

ActionController::RoutingError - uninitialized constant UsersController
      Object.const_get(camel_cased_word)
            ^^^^^^^^^^
            raise MissingController.new(error.message, error.name)
            ^^^^^:

Started POST "/__better_errors/e7d4f8a26034c148/variables" for ::1 at 2023-02-15 15:31:13 -0500
Started GET "/users" for ::1 at 2023-02-15 15:32:17 -0500

Zeitwerk::NameError - expected file /mnt/c/0_AA/W6d3/W6D3/phasing/app/controllers/users_controller.rb to define constant UsersController, but didn't
      raise Zeitwerk::NameError.new(msg, cref.last)
      ^^^^^:

Started POST "/__better_errors/0bf5c2518bc4b9b1/variables" for ::1 at 2023-02-15 15:32:17 -0500
Started GET "/users" for ::1 at 2023-02-15 15:33:01 -0500
Processing by UsersController#index as HTML
Completed 406 Not Acceptable in 15ms (ActiveRecord: 0.0ms | Allocations: 1113)



ActionController::MissingExactTemplate - UsersController#index is missing a template for request formats: text/html:

Started POST "/__better_errors/fe0833b67d175eda/variables" for ::1 at 2023-02-15 15:33:01 -0500
